
Gurobi 7.0.2 (mac64, Python) logging started Mon Jun  5 15:09:27 2017

Optimize a model with 150 rows, 336 columns and 1008 nonzeros
Coefficient statistics:
  Matrix range     [1e+00, 1e+00]
  Objective range  [1e+00, 1e+00]
  Bounds range     [0e+00, 0e+00]
  RHS range        [8e+00, 9e+00]
Presolve removed 14 rows and 0 columns
Presolve time: 0.01s
Presolved: 136 rows, 336 columns, 924 nonzeros

Iteration    Objective       Primal Inf.    Dual Inf.      Time
       0    0.0000000e+00   1.920000e+02   0.000000e+00      0s
      57    1.8800000e+02   0.000000e+00   0.000000e+00      0s

Solved in 57 iterations and 0.01 seconds
Optimal objective  1.880000000e+02

Gurobi 7.0.2 (mac64, Python) logging started Mon Jun  5 15:09:38 2017

Optimize a model with 150 rows, 336 columns and 1008 nonzeros
Coefficient statistics:
  Matrix range     [1e+00, 1e+00]
  Objective range  [1e+00, 1e+00]
  Bounds range     [0e+00, 0e+00]
  RHS range        [8e+00, 9e+00]
Presolve removed 14 rows and 0 columns
Presolve time: 0.00s
Presolved: 136 rows, 336 columns, 924 nonzeros

Iteration    Objective       Primal Inf.    Dual Inf.      Time
       0    0.0000000e+00   1.920000e+02   0.000000e+00      0s
      57    1.8800000e+02   0.000000e+00   0.000000e+00      0s

Solved in 57 iterations and 0.00 seconds
Optimal objective  1.880000000e+02

Gurobi 7.0.2 (mac64, Python) logging started Mon Jun  5 15:10:52 2017

Optimize a model with 150 rows, 336 columns and 1008 nonzeros
Coefficient statistics:
  Matrix range     [1e+00, 1e+00]
  Objective range  [1e+00, 1e+00]
  Bounds range     [0e+00, 0e+00]
  RHS range        [8e+00, 9e+00]
Presolve removed 14 rows and 0 columns
Presolve time: 0.00s
Presolved: 136 rows, 336 columns, 924 nonzeros

Iteration    Objective       Primal Inf.    Dual Inf.      Time
       0    0.0000000e+00   1.920000e+02   0.000000e+00      0s
      57    1.8800000e+02   0.000000e+00   0.000000e+00      0s

Solved in 57 iterations and 0.00 seconds
Optimal objective  1.880000000e+02

Gurobi 7.0.2 (mac64, Python) logging started Mon Jun  5 15:11:23 2017

Optimize a model with 150 rows, 336 columns and 1008 nonzeros
Coefficient statistics:
  Matrix range     [1e+00, 1e+00]
  Objective range  [1e+00, 1e+00]
  Bounds range     [0e+00, 0e+00]
  RHS range        [1e+00, 1e+00]
Presolve removed 14 rows and 0 columns
Presolve time: 0.00s
Presolved: 136 rows, 336 columns, 924 nonzeros

Iteration    Objective       Primal Inf.    Dual Inf.      Time
       0    0.0000000e+00   2.400000e+01   0.000000e+00      0s
      51    2.4000000e+01   0.000000e+00   0.000000e+00      0s

Solved in 51 iterations and 0.00 seconds
Optimal objective  2.400000000e+01

Gurobi 7.0.2 (mac64, Python) logging started Mon Jun  5 15:45:07 2017

Optimize a model with 150 rows, 336 columns and 1008 nonzeros
Coefficient statistics:
  Matrix range     [1e+00, 1e+00]
  Objective range  [1e+00, 1e+00]
  Bounds range     [0e+00, 0e+00]
  RHS range        [8e+00, 9e+00]
Presolve removed 14 rows and 0 columns
Presolve time: 0.00s
Presolved: 136 rows, 336 columns, 924 nonzeros

Iteration    Objective       Primal Inf.    Dual Inf.      Time
       0    0.0000000e+00   1.920000e+02   0.000000e+00      0s
      57    1.8800000e+02   0.000000e+00   0.000000e+00      0s

Solved in 57 iterations and 0.00 seconds
Optimal objective  1.880000000e+02

Gurobi 7.0.2 (mac64, Python) logging started Mon Jun  5 16:49:44 2017

Optimize a model with 150 rows, 336 columns and 1008 nonzeros
Coefficient statistics:
  Matrix range     [1e+00, 1e+00]
  Objective range  [1e+00, 1e+00]
  Bounds range     [0e+00, 0e+00]
  RHS range        [8e+00, 9e+00]
Presolve removed 14 rows and 0 columns
Presolve time: 0.00s
Presolved: 136 rows, 336 columns, 924 nonzeros

Iteration    Objective       Primal Inf.    Dual Inf.      Time
       0    0.0000000e+00   1.920000e+02   0.000000e+00      0s
      57    1.8800000e+02   0.000000e+00   0.000000e+00      0s

Solved in 57 iterations and 0.00 seconds
Optimal objective  1.880000000e+02

Gurobi 7.0.2 (mac64, Python) logging started Mon Jun  5 17:02:41 2017

Optimize a model with 150 rows, 336 columns and 1008 nonzeros
Coefficient statistics:
  Matrix range     [1e+00, 1e+00]
  Objective range  [1e+00, 1e+00]
  Bounds range     [0e+00, 0e+00]
  RHS range        [8e+00, 9e+00]
Presolve removed 14 rows and 0 columns
Presolve time: 0.00s
Presolved: 136 rows, 336 columns, 924 nonzeros

Iteration    Objective       Primal Inf.    Dual Inf.      Time
       0    0.0000000e+00   1.920000e+02   0.000000e+00      0s
      57    1.8800000e+02   0.000000e+00   0.000000e+00      0s

Solved in 57 iterations and 0.00 seconds
Optimal objective  1.880000000e+02

Gurobi 7.0.2 (mac64, Python) logging started Mon Jun  5 17:04:21 2017

Optimize a model with 150 rows, 336 columns and 1008 nonzeros
Coefficient statistics:
  Matrix range     [1e+00, 1e+00]
  Objective range  [1e+00, 1e+00]
  Bounds range     [0e+00, 0e+00]
  RHS range        [8e+00, 9e+00]
Presolve removed 14 rows and 0 columns
Presolve time: 0.00s
Presolved: 136 rows, 336 columns, 924 nonzeros

Iteration    Objective       Primal Inf.    Dual Inf.      Time
       0    0.0000000e+00   1.920000e+02   0.000000e+00      0s
      57    1.8800000e+02   0.000000e+00   0.000000e+00      0s

Solved in 57 iterations and 0.00 seconds
Optimal objective  1.880000000e+02

Gurobi 7.0.2 (mac64, Python) logging started Mon Jun  5 17:04:45 2017

Optimize a model with 150 rows, 336 columns and 1008 nonzeros
Coefficient statistics:
  Matrix range     [1e+00, 1e+00]
  Objective range  [1e+00, 1e+00]
  Bounds range     [0e+00, 0e+00]
  RHS range        [8e+00, 9e+00]
Presolve removed 14 rows and 0 columns
Presolve time: 0.00s
Presolved: 136 rows, 336 columns, 924 nonzeros

Iteration    Objective       Primal Inf.    Dual Inf.      Time
       0    0.0000000e+00   1.920000e+02   0.000000e+00      0s
      57    1.8800000e+02   0.000000e+00   0.000000e+00      0s

Solved in 57 iterations and 0.00 seconds
Optimal objective  1.880000000e+02

Gurobi 7.0.2 (mac64, Python) logging started Mon Jun  5 17:08:24 2017

Optimize a model with 150 rows, 336 columns and 1008 nonzeros
Coefficient statistics:
  Matrix range     [1e+00, 1e+00]
  Objective range  [1e+00, 1e+00]
  Bounds range     [0e+00, 0e+00]
  RHS range        [8e+00, 9e+00]
Presolve removed 14 rows and 0 columns
Presolve time: 0.00s
Presolved: 136 rows, 336 columns, 924 nonzeros

Iteration    Objective       Primal Inf.    Dual Inf.      Time
       0    0.0000000e+00   1.920000e+02   0.000000e+00      0s
      57    1.8800000e+02   0.000000e+00   0.000000e+00      0s

Solved in 57 iterations and 0.00 seconds
Optimal objective  1.880000000e+02

Gurobi 7.0.2 (mac64, Python) logging started Mon Jun  5 17:09:21 2017

Optimize a model with 150 rows, 336 columns and 1008 nonzeros
Coefficient statistics:
  Matrix range     [1e+00, 1e+00]
  Objective range  [1e+00, 1e+00]
  Bounds range     [0e+00, 0e+00]
  RHS range        [8e+00, 9e+00]
Presolve removed 14 rows and 0 columns
Presolve time: 0.00s
Presolved: 136 rows, 336 columns, 924 nonzeros

Iteration    Objective       Primal Inf.    Dual Inf.      Time
       0    0.0000000e+00   1.920000e+02   0.000000e+00      0s
      57    1.8800000e+02   0.000000e+00   0.000000e+00      0s

Solved in 57 iterations and 0.00 seconds
Optimal objective  1.880000000e+02

Gurobi 7.0.2 (mac64, Python) logging started Mon Jun  5 17:11:07 2017

Optimize a model with 150 rows, 336 columns and 1008 nonzeros
Coefficient statistics:
  Matrix range     [1e+00, 1e+00]
  Objective range  [1e+00, 1e+00]
  Bounds range     [0e+00, 0e+00]
  RHS range        [8e+00, 9e+00]
Presolve removed 14 rows and 0 columns
Presolve time: 0.00s
Presolved: 136 rows, 336 columns, 924 nonzeros

Iteration    Objective       Primal Inf.    Dual Inf.      Time
       0    0.0000000e+00   1.920000e+02   0.000000e+00      0s
      57    1.8800000e+02   0.000000e+00   0.000000e+00      0s

Solved in 57 iterations and 0.00 seconds
Optimal objective  1.880000000e+02

Gurobi 7.0.2 (mac64, Python) logging started Mon Jun  5 17:12:09 2017

Optimize a model with 150 rows, 336 columns and 1008 nonzeros
Coefficient statistics:
  Matrix range     [1e+00, 1e+00]
  Objective range  [1e+00, 1e+00]
  Bounds range     [0e+00, 0e+00]
  RHS range        [8e+00, 9e+00]
Presolve removed 14 rows and 0 columns
Presolve time: 0.00s
Presolved: 136 rows, 336 columns, 924 nonzeros

Iteration    Objective       Primal Inf.    Dual Inf.      Time
       0    0.0000000e+00   1.920000e+02   0.000000e+00      0s
      57    1.8800000e+02   0.000000e+00   0.000000e+00      0s

Solved in 57 iterations and 0.00 seconds
Optimal objective  1.880000000e+02

Gurobi 7.0.2 (mac64, Python) logging started Mon Jun  5 17:12:43 2017

Optimize a model with 150 rows, 336 columns and 1008 nonzeros
Coefficient statistics:
  Matrix range     [1e+00, 1e+00]
  Objective range  [1e+00, 1e+00]
  Bounds range     [0e+00, 0e+00]
  RHS range        [8e+00, 9e+00]
Presolve removed 14 rows and 0 columns
Presolve time: 0.00s
Presolved: 136 rows, 336 columns, 924 nonzeros

Iteration    Objective       Primal Inf.    Dual Inf.      Time
       0    0.0000000e+00   1.920000e+02   0.000000e+00      0s
      57    1.8800000e+02   0.000000e+00   0.000000e+00      0s

Solved in 57 iterations and 0.00 seconds
Optimal objective  1.880000000e+02

Gurobi 7.0.2 (mac64, Python) logging started Mon Jun  5 17:13:30 2017

Optimize a model with 150 rows, 336 columns and 1008 nonzeros
Coefficient statistics:
  Matrix range     [1e+00, 1e+00]
  Objective range  [1e+00, 1e+00]
  Bounds range     [0e+00, 0e+00]
  RHS range        [8e+00, 9e+00]
Presolve removed 14 rows and 0 columns
Presolve time: 0.00s
Presolved: 136 rows, 336 columns, 924 nonzeros

Iteration    Objective       Primal Inf.    Dual Inf.      Time
       0    0.0000000e+00   1.920000e+02   0.000000e+00      0s
      57    1.8800000e+02   0.000000e+00   0.000000e+00      0s

Solved in 57 iterations and 0.00 seconds
Optimal objective  1.880000000e+02

Gurobi 7.0.2 (mac64, Python) logging started Mon Jun  5 17:13:57 2017

Optimize a model with 150 rows, 336 columns and 1008 nonzeros
Coefficient statistics:
  Matrix range     [1e+00, 1e+00]
  Objective range  [1e+00, 1e+00]
  Bounds range     [0e+00, 0e+00]
  RHS range        [8e+00, 9e+00]
Presolve removed 14 rows and 0 columns
Presolve time: 0.00s
Presolved: 136 rows, 336 columns, 924 nonzeros

Iteration    Objective       Primal Inf.    Dual Inf.      Time
       0    0.0000000e+00   1.920000e+02   0.000000e+00      0s
      57    1.8800000e+02   0.000000e+00   0.000000e+00      0s

Solved in 57 iterations and 0.00 seconds
Optimal objective  1.880000000e+02

Gurobi 7.0.2 (mac64, Python) logging started Mon Jun  5 17:14:15 2017

Optimize a model with 150 rows, 336 columns and 1008 nonzeros
Coefficient statistics:
  Matrix range     [1e+00, 1e+00]
  Objective range  [1e+00, 1e+00]
  Bounds range     [0e+00, 0e+00]
  RHS range        [8e+00, 9e+00]
Presolve removed 14 rows and 0 columns
Presolve time: 0.00s
Presolved: 136 rows, 336 columns, 924 nonzeros

Iteration    Objective       Primal Inf.    Dual Inf.      Time
       0    0.0000000e+00   1.920000e+02   0.000000e+00      0s
      57    1.8800000e+02   0.000000e+00   0.000000e+00      0s

Solved in 57 iterations and 0.00 seconds
Optimal objective  1.880000000e+02

Gurobi 7.0.2 (mac64, Python) logging started Mon Jun  5 17:15:10 2017

Optimize a model with 150 rows, 336 columns and 1008 nonzeros
Coefficient statistics:
  Matrix range     [1e+00, 1e+00]
  Objective range  [1e+00, 1e+00]
  Bounds range     [0e+00, 0e+00]
  RHS range        [8e+00, 9e+00]
Presolve removed 14 rows and 0 columns
Presolve time: 0.00s
Presolved: 136 rows, 336 columns, 924 nonzeros

Iteration    Objective       Primal Inf.    Dual Inf.      Time
       0    0.0000000e+00   1.920000e+02   0.000000e+00      0s
      57    1.8800000e+02   0.000000e+00   0.000000e+00      0s

Solved in 57 iterations and 0.00 seconds
Optimal objective  1.880000000e+02

Gurobi 7.0.2 (mac64, Python) logging started Mon Jun  5 17:16:16 2017

Optimize a model with 150 rows, 336 columns and 1008 nonzeros
Coefficient statistics:
  Matrix range     [1e+00, 1e+00]
  Objective range  [1e+00, 1e+00]
  Bounds range     [0e+00, 0e+00]
  RHS range        [8e+00, 9e+00]
Presolve removed 14 rows and 0 columns
Presolve time: 0.00s
Presolved: 136 rows, 336 columns, 924 nonzeros

Iteration    Objective       Primal Inf.    Dual Inf.      Time
       0    0.0000000e+00   1.920000e+02   0.000000e+00      0s
      57    1.8800000e+02   0.000000e+00   0.000000e+00      0s

Solved in 57 iterations and 0.00 seconds
Optimal objective  1.880000000e+02

Gurobi 7.0.2 (mac64, Python) logging started Mon Jun  5 17:17:12 2017

Optimize a model with 150 rows, 336 columns and 1008 nonzeros
Coefficient statistics:
  Matrix range     [1e+00, 1e+00]
  Objective range  [1e+00, 1e+00]
  Bounds range     [0e+00, 0e+00]
  RHS range        [8e+00, 9e+00]
Presolve removed 14 rows and 0 columns
Presolve time: 0.00s
Presolved: 136 rows, 336 columns, 924 nonzeros

Iteration    Objective       Primal Inf.    Dual Inf.      Time
       0    0.0000000e+00   1.920000e+02   0.000000e+00      0s
      57    1.8800000e+02   0.000000e+00   0.000000e+00      0s

Solved in 57 iterations and 0.00 seconds
Optimal objective  1.880000000e+02

Gurobi 7.0.2 (mac64, Python) logging started Mon Jun  5 17:21:39 2017

Optimize a model with 150 rows, 336 columns and 1008 nonzeros
Coefficient statistics:
  Matrix range     [1e+00, 1e+00]
  Objective range  [1e+00, 1e+00]
  Bounds range     [0e+00, 0e+00]
  RHS range        [8e+00, 9e+00]
Presolve removed 14 rows and 0 columns
Presolve time: 0.00s
Presolved: 136 rows, 336 columns, 924 nonzeros

Iteration    Objective       Primal Inf.    Dual Inf.      Time
       0    0.0000000e+00   1.920000e+02   0.000000e+00      0s
      57    1.8800000e+02   0.000000e+00   0.000000e+00      0s

Solved in 57 iterations and 0.00 seconds
Optimal objective  1.880000000e+02

Gurobi 7.0.2 (mac64, Python) logging started Mon Jun  5 17:22:46 2017

Optimize a model with 150 rows, 336 columns and 1008 nonzeros
Coefficient statistics:
  Matrix range     [1e+00, 1e+00]
  Objective range  [1e+00, 1e+00]
  Bounds range     [0e+00, 0e+00]
  RHS range        [8e+00, 9e+00]
Presolve removed 14 rows and 0 columns
Presolve time: 0.00s
Presolved: 136 rows, 336 columns, 924 nonzeros

Iteration    Objective       Primal Inf.    Dual Inf.      Time
       0    0.0000000e+00   1.920000e+02   0.000000e+00      0s
      57    1.8800000e+02   0.000000e+00   0.000000e+00      0s

Solved in 57 iterations and 0.00 seconds
Optimal objective  1.880000000e+02

Gurobi 7.0.2 (mac64, Python) logging started Mon Jun  5 17:24:49 2017

Optimize a model with 150 rows, 336 columns and 1008 nonzeros
Coefficient statistics:
  Matrix range     [1e+00, 1e+00]
  Objective range  [1e+00, 1e+00]
  Bounds range     [0e+00, 0e+00]
  RHS range        [8e+00, 9e+00]
Presolve removed 14 rows and 0 columns
Presolve time: 0.00s
Presolved: 136 rows, 336 columns, 924 nonzeros

Iteration    Objective       Primal Inf.    Dual Inf.      Time
       0    0.0000000e+00   1.920000e+02   0.000000e+00      0s
      57    1.8800000e+02   0.000000e+00   0.000000e+00      0s

Solved in 57 iterations and 0.00 seconds
Optimal objective  1.880000000e+02

Gurobi 7.0.2 (mac64, Python) logging started Mon Jun  5 17:25:24 2017

Optimize a model with 150 rows, 336 columns and 1008 nonzeros
Coefficient statistics:
  Matrix range     [1e+00, 1e+00]
  Objective range  [1e+00, 1e+00]
  Bounds range     [0e+00, 0e+00]
  RHS range        [8e+00, 9e+00]
Presolve removed 14 rows and 0 columns
Presolve time: 0.00s
Presolved: 136 rows, 336 columns, 924 nonzeros

Iteration    Objective       Primal Inf.    Dual Inf.      Time
       0    0.0000000e+00   1.920000e+02   0.000000e+00      0s
      57    1.8800000e+02   0.000000e+00   0.000000e+00      0s

Solved in 57 iterations and 0.00 seconds
Optimal objective  1.880000000e+02

Gurobi 7.0.2 (mac64, Python) logging started Mon Jun  5 17:27:10 2017

Optimize a model with 150 rows, 336 columns and 1008 nonzeros
Coefficient statistics:
  Matrix range     [1e+00, 1e+00]
  Objective range  [1e+00, 1e+00]
  Bounds range     [0e+00, 0e+00]
  RHS range        [8e+00, 9e+00]
Presolve removed 14 rows and 0 columns
Presolve time: 0.00s
Presolved: 136 rows, 336 columns, 924 nonzeros

Iteration    Objective       Primal Inf.    Dual Inf.      Time
       0    0.0000000e+00   1.920000e+02   0.000000e+00      0s
      57    1.8800000e+02   0.000000e+00   0.000000e+00      0s

Solved in 57 iterations and 0.00 seconds
Optimal objective  1.880000000e+02

Gurobi 7.0.2 (mac64, Python) logging started Mon Jun  5 17:27:31 2017

Optimize a model with 150 rows, 336 columns and 1008 nonzeros
Coefficient statistics:
  Matrix range     [1e+00, 1e+00]
  Objective range  [1e+00, 1e+00]
  Bounds range     [0e+00, 0e+00]
  RHS range        [8e+00, 9e+00]
Presolve removed 14 rows and 0 columns
Presolve time: 0.00s
Presolved: 136 rows, 336 columns, 924 nonzeros

Iteration    Objective       Primal Inf.    Dual Inf.      Time
       0    0.0000000e+00   1.920000e+02   0.000000e+00      0s
      57    1.8800000e+02   0.000000e+00   0.000000e+00      0s

Solved in 57 iterations and 0.00 seconds
Optimal objective  1.880000000e+02

Gurobi 7.0.2 (mac64, Python) logging started Mon Jun  5 17:28:52 2017

Optimize a model with 150 rows, 336 columns and 1008 nonzeros
Coefficient statistics:
  Matrix range     [1e+00, 1e+00]
  Objective range  [1e+00, 1e+00]
  Bounds range     [0e+00, 0e+00]
  RHS range        [8e+00, 9e+00]
Presolve removed 14 rows and 0 columns
Presolve time: 0.00s
Presolved: 136 rows, 336 columns, 924 nonzeros

Iteration    Objective       Primal Inf.    Dual Inf.      Time
       0    0.0000000e+00   1.920000e+02   0.000000e+00      0s
      57    1.8800000e+02   0.000000e+00   0.000000e+00      0s

Solved in 57 iterations and 0.00 seconds
Optimal objective  1.880000000e+02

Gurobi 7.0.2 (mac64, Python) logging started Mon Jun  5 17:29:05 2017

Optimize a model with 150 rows, 336 columns and 1008 nonzeros
Coefficient statistics:
  Matrix range     [1e+00, 1e+00]
  Objective range  [1e+00, 1e+00]
  Bounds range     [0e+00, 0e+00]
  RHS range        [8e+00, 9e+00]
Presolve removed 14 rows and 0 columns
Presolve time: 0.00s
Presolved: 136 rows, 336 columns, 924 nonzeros

Iteration    Objective       Primal Inf.    Dual Inf.      Time
       0    0.0000000e+00   1.920000e+02   0.000000e+00      0s
      57    1.8800000e+02   0.000000e+00   0.000000e+00      0s

Solved in 57 iterations and 0.00 seconds
Optimal objective  1.880000000e+02

Gurobi 7.0.2 (mac64, Python) logging started Mon Jun  5 17:29:41 2017

Optimize a model with 150 rows, 336 columns and 1008 nonzeros
Coefficient statistics:
  Matrix range     [1e+00, 1e+00]
  Objective range  [1e+00, 1e+00]
  Bounds range     [0e+00, 0e+00]
  RHS range        [8e+00, 9e+00]
Presolve removed 14 rows and 0 columns
Presolve time: 0.00s
Presolved: 136 rows, 336 columns, 924 nonzeros

Iteration    Objective       Primal Inf.    Dual Inf.      Time
       0    0.0000000e+00   1.920000e+02   0.000000e+00      0s
      57    1.8800000e+02   0.000000e+00   0.000000e+00      0s

Solved in 57 iterations and 0.00 seconds
Optimal objective  1.880000000e+02

Gurobi 7.0.2 (mac64, Python) logging started Mon Jun  5 17:31:02 2017

Optimize a model with 150 rows, 336 columns and 1008 nonzeros
Coefficient statistics:
  Matrix range     [1e+00, 1e+00]
  Objective range  [1e+00, 1e+00]
  Bounds range     [0e+00, 0e+00]
  RHS range        [8e+00, 9e+00]
Presolve removed 14 rows and 0 columns
Presolve time: 0.00s
Presolved: 136 rows, 336 columns, 924 nonzeros

Iteration    Objective       Primal Inf.    Dual Inf.      Time
       0    0.0000000e+00   1.920000e+02   0.000000e+00      0s
      57    1.8800000e+02   0.000000e+00   0.000000e+00      0s

Solved in 57 iterations and 0.00 seconds
Optimal objective  1.880000000e+02

Gurobi 7.0.2 (mac64, Python) logging started Mon Jun  5 17:32:04 2017

Optimize a model with 150 rows, 336 columns and 1008 nonzeros
Coefficient statistics:
  Matrix range     [1e+00, 1e+00]
  Objective range  [1e+00, 1e+00]
  Bounds range     [0e+00, 0e+00]
  RHS range        [8e+00, 9e+00]
Presolve removed 14 rows and 0 columns
Presolve time: 0.00s
Presolved: 136 rows, 336 columns, 924 nonzeros

Iteration    Objective       Primal Inf.    Dual Inf.      Time
       0    0.0000000e+00   1.920000e+02   0.000000e+00      0s
      57    1.8800000e+02   0.000000e+00   0.000000e+00      0s

Solved in 57 iterations and 0.00 seconds
Optimal objective  1.880000000e+02

Gurobi 7.0.2 (mac64, Python) logging started Mon Jun  5 17:33:27 2017

Optimize a model with 150 rows, 336 columns and 1008 nonzeros
Coefficient statistics:
  Matrix range     [1e+00, 1e+00]
  Objective range  [1e+00, 1e+00]
  Bounds range     [0e+00, 0e+00]
  RHS range        [8e+00, 9e+00]
Presolve removed 14 rows and 0 columns
Presolve time: 0.00s
Presolved: 136 rows, 336 columns, 924 nonzeros

Iteration    Objective       Primal Inf.    Dual Inf.      Time
       0    0.0000000e+00   1.920000e+02   0.000000e+00      0s
      57    1.8800000e+02   0.000000e+00   0.000000e+00      0s

Solved in 57 iterations and 0.00 seconds
Optimal objective  1.880000000e+02

Gurobi 7.0.2 (mac64, Python) logging started Mon Jun  5 17:34:35 2017

Optimize a model with 150 rows, 336 columns and 1008 nonzeros
Coefficient statistics:
  Matrix range     [1e+00, 1e+00]
  Objective range  [1e+00, 1e+00]
  Bounds range     [0e+00, 0e+00]
  RHS range        [8e+00, 9e+00]
Presolve removed 14 rows and 0 columns
Presolve time: 0.00s
Presolved: 136 rows, 336 columns, 924 nonzeros

Iteration    Objective       Primal Inf.    Dual Inf.      Time
       0    0.0000000e+00   1.920000e+02   0.000000e+00      0s
      57    1.8800000e+02   0.000000e+00   0.000000e+00      0s

Solved in 57 iterations and 0.00 seconds
Optimal objective  1.880000000e+02

Gurobi 7.0.2 (mac64, Python) logging started Mon Jun  5 17:35:08 2017

Optimize a model with 150 rows, 336 columns and 1008 nonzeros
Coefficient statistics:
  Matrix range     [1e+00, 1e+00]
  Objective range  [1e+00, 1e+00]
  Bounds range     [0e+00, 0e+00]
  RHS range        [8e+00, 9e+00]
Presolve removed 14 rows and 0 columns
Presolve time: 0.00s
Presolved: 136 rows, 336 columns, 924 nonzeros

Iteration    Objective       Primal Inf.    Dual Inf.      Time
       0    0.0000000e+00   1.920000e+02   0.000000e+00      0s
      57    1.8800000e+02   0.000000e+00   0.000000e+00      0s

Solved in 57 iterations and 0.00 seconds
Optimal objective  1.880000000e+02

Gurobi 7.0.2 (mac64, Python) logging started Mon Jun  5 17:37:16 2017

Optimize a model with 150 rows, 336 columns and 1008 nonzeros
Coefficient statistics:
  Matrix range     [1e+00, 1e+00]
  Objective range  [1e+00, 1e+00]
  Bounds range     [0e+00, 0e+00]
  RHS range        [8e+00, 9e+00]
Presolve removed 14 rows and 0 columns
Presolve time: 0.00s
Presolved: 136 rows, 336 columns, 924 nonzeros

Iteration    Objective       Primal Inf.    Dual Inf.      Time
       0    0.0000000e+00   1.920000e+02   0.000000e+00      0s
      57    1.8800000e+02   0.000000e+00   0.000000e+00      0s

Solved in 57 iterations and 0.00 seconds
Optimal objective  1.880000000e+02

Gurobi 7.0.2 (mac64, Python) logging started Mon Jun  5 17:37:30 2017

Optimize a model with 150 rows, 336 columns and 1008 nonzeros
Coefficient statistics:
  Matrix range     [1e+00, 1e+00]
  Objective range  [1e+00, 1e+00]
  Bounds range     [0e+00, 0e+00]
  RHS range        [8e+00, 9e+00]
Presolve removed 14 rows and 0 columns
Presolve time: 0.00s
Presolved: 136 rows, 336 columns, 924 nonzeros

Iteration    Objective       Primal Inf.    Dual Inf.      Time
       0    0.0000000e+00   1.920000e+02   0.000000e+00      0s
      57    1.8800000e+02   0.000000e+00   0.000000e+00      0s

Solved in 57 iterations and 0.00 seconds
Optimal objective  1.880000000e+02

Gurobi 7.0.2 (mac64, Python) logging started Mon Jun  5 17:38:27 2017

Optimize a model with 150 rows, 336 columns and 1008 nonzeros
Coefficient statistics:
  Matrix range     [1e+00, 1e+00]
  Objective range  [1e+00, 1e+00]
  Bounds range     [0e+00, 0e+00]
  RHS range        [8e+00, 9e+00]
Presolve removed 14 rows and 0 columns
Presolve time: 0.00s
Presolved: 136 rows, 336 columns, 924 nonzeros

Iteration    Objective       Primal Inf.    Dual Inf.      Time
       0    0.0000000e+00   1.920000e+02   0.000000e+00      0s
      57    1.8800000e+02   0.000000e+00   0.000000e+00      0s

Solved in 57 iterations and 0.00 seconds
Optimal objective  1.880000000e+02

Gurobi 7.0.2 (mac64, Python) logging started Mon Jun  5 17:38:43 2017

Optimize a model with 150 rows, 336 columns and 1008 nonzeros
Coefficient statistics:
  Matrix range     [1e+00, 1e+00]
  Objective range  [1e+00, 1e+00]
  Bounds range     [0e+00, 0e+00]
  RHS range        [8e+00, 9e+00]
Presolve removed 14 rows and 0 columns
Presolve time: 0.00s
Presolved: 136 rows, 336 columns, 924 nonzeros

Iteration    Objective       Primal Inf.    Dual Inf.      Time
       0    0.0000000e+00   1.920000e+02   0.000000e+00      0s
      57    1.8800000e+02   0.000000e+00   0.000000e+00      0s

Solved in 57 iterations and 0.00 seconds
Optimal objective  1.880000000e+02

Gurobi 7.0.2 (mac64, Python) logging started Mon Jun  5 17:39:06 2017

Optimize a model with 150 rows, 336 columns and 1008 nonzeros
Coefficient statistics:
  Matrix range     [1e+00, 1e+00]
  Objective range  [1e+00, 1e+00]
  Bounds range     [0e+00, 0e+00]
  RHS range        [8e+00, 9e+00]
Presolve removed 14 rows and 0 columns
Presolve time: 0.00s
Presolved: 136 rows, 336 columns, 924 nonzeros

Iteration    Objective       Primal Inf.    Dual Inf.      Time
       0    0.0000000e+00   1.920000e+02   0.000000e+00      0s
      57    1.8800000e+02   0.000000e+00   0.000000e+00      0s

Solved in 57 iterations and 0.00 seconds
Optimal objective  1.880000000e+02

Gurobi 7.0.2 (mac64, Python) logging started Mon Jun  5 17:40:01 2017

Optimize a model with 150 rows, 336 columns and 1008 nonzeros
Coefficient statistics:
  Matrix range     [1e+00, 1e+00]
  Objective range  [1e+00, 1e+00]
  Bounds range     [0e+00, 0e+00]
  RHS range        [8e+00, 9e+00]
Presolve removed 14 rows and 0 columns
Presolve time: 0.00s
Presolved: 136 rows, 336 columns, 924 nonzeros

Iteration    Objective       Primal Inf.    Dual Inf.      Time
       0    0.0000000e+00   1.920000e+02   0.000000e+00      0s
      57    1.8800000e+02   0.000000e+00   0.000000e+00      0s

Solved in 57 iterations and 0.00 seconds
Optimal objective  1.880000000e+02

Gurobi 7.0.2 (mac64, Python) logging started Mon Jun  5 17:40:23 2017

Optimize a model with 150 rows, 336 columns and 1008 nonzeros
Coefficient statistics:
  Matrix range     [1e+00, 1e+00]
  Objective range  [1e+00, 1e+00]
  Bounds range     [0e+00, 0e+00]
  RHS range        [8e+00, 9e+00]
Presolve removed 14 rows and 0 columns
Presolve time: 0.00s
Presolved: 136 rows, 336 columns, 924 nonzeros

Iteration    Objective       Primal Inf.    Dual Inf.      Time
       0    0.0000000e+00   1.920000e+02   0.000000e+00      0s
      57    1.8800000e+02   0.000000e+00   0.000000e+00      0s

Solved in 57 iterations and 0.00 seconds
Optimal objective  1.880000000e+02

Gurobi 7.0.2 (mac64, Python) logging started Mon Jun  5 17:40:59 2017

Optimize a model with 150 rows, 336 columns and 1008 nonzeros
Coefficient statistics:
  Matrix range     [1e+00, 1e+00]
  Objective range  [1e+00, 1e+00]
  Bounds range     [0e+00, 0e+00]
  RHS range        [8e+00, 9e+00]
Presolve removed 14 rows and 0 columns
Presolve time: 0.00s
Presolved: 136 rows, 336 columns, 924 nonzeros

Iteration    Objective       Primal Inf.    Dual Inf.      Time
       0    0.0000000e+00   1.920000e+02   0.000000e+00      0s
      57    1.8800000e+02   0.000000e+00   0.000000e+00      0s

Solved in 57 iterations and 0.00 seconds
Optimal objective  1.880000000e+02

Gurobi 7.0.2 (mac64, Python) logging started Mon Jun  5 17:42:01 2017

Optimize a model with 150 rows, 336 columns and 1008 nonzeros
Coefficient statistics:
  Matrix range     [1e+00, 1e+00]
  Objective range  [1e+00, 1e+00]
  Bounds range     [0e+00, 0e+00]
  RHS range        [8e+00, 9e+00]
Presolve removed 14 rows and 0 columns
Presolve time: 0.00s
Presolved: 136 rows, 336 columns, 924 nonzeros

Iteration    Objective       Primal Inf.    Dual Inf.      Time
       0    0.0000000e+00   1.920000e+02   0.000000e+00      0s
      57    1.8800000e+02   0.000000e+00   0.000000e+00      0s

Solved in 57 iterations and 0.00 seconds
Optimal objective  1.880000000e+02

Gurobi 7.0.2 (mac64, Python) logging started Mon Jun  5 17:43:12 2017

Optimize a model with 150 rows, 336 columns and 1008 nonzeros
Coefficient statistics:
  Matrix range     [1e+00, 1e+00]
  Objective range  [1e+00, 1e+00]
  Bounds range     [0e+00, 0e+00]
  RHS range        [8e+00, 9e+00]
Presolve removed 14 rows and 0 columns
Presolve time: 0.00s
Presolved: 136 rows, 336 columns, 924 nonzeros

Iteration    Objective       Primal Inf.    Dual Inf.      Time
       0    0.0000000e+00   1.920000e+02   0.000000e+00      0s
      57    1.8800000e+02   0.000000e+00   0.000000e+00      0s

Solved in 57 iterations and 0.00 seconds
Optimal objective  1.880000000e+02

Gurobi 7.0.2 (mac64, Python) logging started Mon Jun  5 17:44:55 2017

Optimize a model with 150 rows, 336 columns and 1008 nonzeros
Coefficient statistics:
  Matrix range     [1e+00, 1e+00]
  Objective range  [1e+00, 1e+00]
  Bounds range     [0e+00, 0e+00]
  RHS range        [8e+00, 9e+00]
Presolve removed 14 rows and 0 columns
Presolve time: 0.00s
Presolved: 136 rows, 336 columns, 924 nonzeros

Iteration    Objective       Primal Inf.    Dual Inf.      Time
       0    0.0000000e+00   1.920000e+02   0.000000e+00      0s
      57    1.8800000e+02   0.000000e+00   0.000000e+00      0s

Solved in 57 iterations and 0.00 seconds
Optimal objective  1.880000000e+02

Gurobi 7.0.2 (mac64, Python) logging started Mon Jun  5 17:46:41 2017

Optimize a model with 150 rows, 336 columns and 1008 nonzeros
Coefficient statistics:
  Matrix range     [1e+00, 1e+00]
  Objective range  [1e+00, 1e+00]
  Bounds range     [0e+00, 0e+00]
  RHS range        [8e+00, 9e+00]
Presolve removed 14 rows and 0 columns
Presolve time: 0.00s
Presolved: 136 rows, 336 columns, 924 nonzeros

Iteration    Objective       Primal Inf.    Dual Inf.      Time
       0    0.0000000e+00   1.920000e+02   0.000000e+00      0s
      57    1.8800000e+02   0.000000e+00   0.000000e+00      0s

Solved in 57 iterations and 0.00 seconds
Optimal objective  1.880000000e+02

Gurobi 7.0.2 (mac64, Python) logging started Mon Jun  5 17:47:17 2017

Optimize a model with 150 rows, 336 columns and 1008 nonzeros
Coefficient statistics:
  Matrix range     [1e+00, 1e+00]
  Objective range  [1e+00, 1e+00]
  Bounds range     [0e+00, 0e+00]
  RHS range        [8e+00, 9e+00]
Presolve removed 14 rows and 0 columns
Presolve time: 0.00s
Presolved: 136 rows, 336 columns, 924 nonzeros

Iteration    Objective       Primal Inf.    Dual Inf.      Time
       0    0.0000000e+00   1.920000e+02   0.000000e+00      0s
      57    1.8800000e+02   0.000000e+00   0.000000e+00      0s

Solved in 57 iterations and 0.00 seconds
Optimal objective  1.880000000e+02

Gurobi 7.0.2 (mac64, Python) logging started Mon Jun  5 17:49:50 2017

Optimize a model with 150 rows, 336 columns and 1008 nonzeros
Coefficient statistics:
  Matrix range     [1e+00, 1e+00]
  Objective range  [1e+00, 1e+00]
  Bounds range     [0e+00, 0e+00]
  RHS range        [8e+00, 9e+00]
Presolve removed 14 rows and 0 columns
Presolve time: 0.00s
Presolved: 136 rows, 336 columns, 924 nonzeros

Iteration    Objective       Primal Inf.    Dual Inf.      Time
       0    0.0000000e+00   1.920000e+02   0.000000e+00      0s
      57    1.8800000e+02   0.000000e+00   0.000000e+00      0s

Solved in 57 iterations and 0.00 seconds
Optimal objective  1.880000000e+02

Gurobi 7.0.2 (mac64, Python) logging started Mon Jun  5 17:50:21 2017

Optimize a model with 150 rows, 336 columns and 1008 nonzeros
Coefficient statistics:
  Matrix range     [1e+00, 1e+00]
  Objective range  [1e+00, 1e+00]
  Bounds range     [0e+00, 0e+00]
  RHS range        [8e+00, 9e+00]
Presolve removed 14 rows and 0 columns
Presolve time: 0.00s
Presolved: 136 rows, 336 columns, 924 nonzeros

Iteration    Objective       Primal Inf.    Dual Inf.      Time
       0    0.0000000e+00   1.920000e+02   0.000000e+00      0s
      57    1.8800000e+02   0.000000e+00   0.000000e+00      0s

Solved in 57 iterations and 0.00 seconds
Optimal objective  1.880000000e+02

Gurobi 7.0.2 (mac64, Python) logging started Mon Jun  5 17:56:21 2017

Optimize a model with 150 rows, 336 columns and 1008 nonzeros
Coefficient statistics:
  Matrix range     [1e+00, 1e+00]
  Objective range  [1e+00, 1e+00]
  Bounds range     [0e+00, 0e+00]
  RHS range        [8e+00, 8e+00]
Presolve removed 14 rows and 0 columns
Presolve time: 0.00s
Presolved: 136 rows, 336 columns, 924 nonzeros

Iteration    Objective       Primal Inf.    Dual Inf.      Time
       0    0.0000000e+00   1.920000e+02   0.000000e+00      0s
      51    1.9200000e+02   0.000000e+00   0.000000e+00      0s

Solved in 51 iterations and 0.00 seconds
Optimal objective  1.920000000e+02

Gurobi 7.0.2 (mac64, Python) logging started Mon Jun  5 18:10:39 2017

Optimize a model with 150 rows, 336 columns and 1008 nonzeros
Coefficient statistics:
  Matrix range     [1e+00, 1e+00]
  Objective range  [1e+00, 1e+00]
  Bounds range     [0e+00, 0e+00]
  RHS range        [8e+00, 8e+00]
Presolve removed 14 rows and 0 columns
Presolve time: 0.00s
Presolved: 136 rows, 336 columns, 924 nonzeros

Iteration    Objective       Primal Inf.    Dual Inf.      Time
       0    0.0000000e+00   1.920000e+02   0.000000e+00      0s
      51    1.9200000e+02   0.000000e+00   0.000000e+00      0s

Solved in 51 iterations and 0.00 seconds
Optimal objective  1.920000000e+02

Gurobi 7.0.2 (mac64, Python) logging started Mon Jun  5 18:10:53 2017

Optimize a model with 150 rows, 336 columns and 1008 nonzeros
Coefficient statistics:
  Matrix range     [1e+00, 1e+00]
  Objective range  [1e+00, 1e+00]
  Bounds range     [0e+00, 0e+00]
  RHS range        [8e+00, 8e+00]
Presolve removed 14 rows and 0 columns
Presolve time: 0.00s
Presolved: 136 rows, 336 columns, 924 nonzeros

Iteration    Objective       Primal Inf.    Dual Inf.      Time
       0    0.0000000e+00   1.920000e+02   0.000000e+00      0s
      51    1.9200000e+02   0.000000e+00   0.000000e+00      0s

Solved in 51 iterations and 0.00 seconds
Optimal objective  1.920000000e+02

Gurobi 7.0.2 (mac64, Python) logging started Mon Jun  5 18:11:28 2017

Optimize a model with 150 rows, 336 columns and 1008 nonzeros
Coefficient statistics:
  Matrix range     [1e+00, 1e+00]
  Objective range  [1e+00, 1e+00]
  Bounds range     [0e+00, 0e+00]
  RHS range        [8e+00, 8e+00]
Presolve removed 14 rows and 0 columns
Presolve time: 0.00s
Presolved: 136 rows, 336 columns, 924 nonzeros

Iteration    Objective       Primal Inf.    Dual Inf.      Time
       0    0.0000000e+00   1.920000e+02   0.000000e+00      0s
      51    1.9200000e+02   0.000000e+00   0.000000e+00      0s

Solved in 51 iterations and 0.00 seconds
Optimal objective  1.920000000e+02

Gurobi 7.0.2 (mac64, Python) logging started Mon Jun  5 18:11:43 2017

Optimize a model with 150 rows, 336 columns and 1008 nonzeros
Coefficient statistics:
  Matrix range     [1e+00, 1e+00]
  Objective range  [1e+00, 1e+00]
  Bounds range     [0e+00, 0e+00]
  RHS range        [8e+00, 8e+00]
Presolve removed 14 rows and 0 columns
Presolve time: 0.00s
Presolved: 136 rows, 336 columns, 924 nonzeros

Iteration    Objective       Primal Inf.    Dual Inf.      Time
       0    0.0000000e+00   1.920000e+02   0.000000e+00      0s
      51    1.9200000e+02   0.000000e+00   0.000000e+00      0s

Solved in 51 iterations and 0.00 seconds
Optimal objective  1.920000000e+02

Gurobi 7.0.2 (mac64, Python) logging started Mon Jun  5 18:12:28 2017

Optimize a model with 150 rows, 336 columns and 1008 nonzeros
Coefficient statistics:
  Matrix range     [1e+00, 1e+00]
  Objective range  [1e+00, 1e+00]
  Bounds range     [0e+00, 0e+00]
  RHS range        [2e+00, 3e+00]
Presolve removed 14 rows and 0 columns
Presolve time: 0.00s
Presolved: 136 rows, 336 columns, 924 nonzeros

Iteration    Objective       Primal Inf.    Dual Inf.      Time
       0    0.0000000e+00   4.800000e+01   0.000000e+00      0s
      44    4.4000000e+01   0.000000e+00   0.000000e+00      0s

Solved in 44 iterations and 0.00 seconds
Optimal objective  4.400000000e+01

Gurobi 7.0.2 (mac64, Python) logging started Mon Jun  5 18:12:46 2017

Optimize a model with 150 rows, 336 columns and 1008 nonzeros
Coefficient statistics:
  Matrix range     [1e+00, 1e+00]
  Objective range  [1e+00, 1e+00]
  Bounds range     [0e+00, 0e+00]
  RHS range        [8e+00, 9e+00]
Presolve removed 14 rows and 0 columns
Presolve time: 0.00s
Presolved: 136 rows, 336 columns, 924 nonzeros

Iteration    Objective       Primal Inf.    Dual Inf.      Time
       0    0.0000000e+00   1.920000e+02   0.000000e+00      0s
      57    1.8800000e+02   0.000000e+00   0.000000e+00      0s

Solved in 57 iterations and 0.00 seconds
Optimal objective  1.880000000e+02

Gurobi 7.0.2 (mac64, Python) logging started Mon Jun  5 18:14:38 2017

Optimize a model with 150 rows, 336 columns and 1008 nonzeros
Coefficient statistics:
  Matrix range     [1e+00, 1e+00]
  Objective range  [1e+00, 1e+00]
  Bounds range     [0e+00, 0e+00]
  RHS range        [8e+00, 9e+00]
Presolve removed 14 rows and 0 columns
Presolve time: 0.00s
Presolved: 136 rows, 336 columns, 924 nonzeros

Iteration    Objective       Primal Inf.    Dual Inf.      Time
       0    0.0000000e+00   1.920000e+02   0.000000e+00      0s
      57    1.8800000e+02   0.000000e+00   0.000000e+00      0s

Solved in 57 iterations and 0.00 seconds
Optimal objective  1.880000000e+02

Gurobi 7.0.2 (mac64, Python) logging started Mon Jun  5 18:18:30 2017

Optimize a model with 150 rows, 336 columns and 1008 nonzeros
Coefficient statistics:
  Matrix range     [1e+00, 1e+00]
  Objective range  [1e+00, 1e+00]
  Bounds range     [0e+00, 0e+00]
  RHS range        [8e+00, 9e+00]
Presolve removed 14 rows and 0 columns
Presolve time: 0.00s
Presolved: 136 rows, 336 columns, 924 nonzeros

Iteration    Objective       Primal Inf.    Dual Inf.      Time
       0    0.0000000e+00   1.920000e+02   0.000000e+00      0s
      57    1.8800000e+02   0.000000e+00   0.000000e+00      0s

Solved in 57 iterations and 0.00 seconds
Optimal objective  1.880000000e+02

Gurobi 7.0.2 (mac64, Python) logging started Mon Jun  5 18:25:34 2017

Optimize a model with 150 rows, 336 columns and 1008 nonzeros
Coefficient statistics:
  Matrix range     [1e+00, 1e+00]
  Objective range  [1e+00, 1e+00]
  Bounds range     [0e+00, 0e+00]
  RHS range        [8e+00, 9e+00]
Presolve removed 14 rows and 0 columns
Presolve time: 0.00s
Presolved: 136 rows, 336 columns, 924 nonzeros

Iteration    Objective       Primal Inf.    Dual Inf.      Time
       0    0.0000000e+00   1.920000e+02   0.000000e+00      0s
      57    1.8800000e+02   0.000000e+00   0.000000e+00      0s

Solved in 57 iterations and 0.00 seconds
Optimal objective  1.880000000e+02

Gurobi 7.0.2 (mac64, Python) logging started Mon Jun  5 18:25:48 2017

Optimize a model with 150 rows, 336 columns and 1008 nonzeros
Coefficient statistics:
  Matrix range     [1e+00, 1e+00]
  Objective range  [1e+00, 1e+00]
  Bounds range     [0e+00, 0e+00]
  RHS range        [8e+00, 9e+00]
Presolve removed 14 rows and 0 columns
Presolve time: 0.00s
Presolved: 136 rows, 336 columns, 924 nonzeros

Iteration    Objective       Primal Inf.    Dual Inf.      Time
       0    0.0000000e+00   1.920000e+02   0.000000e+00      0s
      57    1.8800000e+02   0.000000e+00   0.000000e+00      0s

Solved in 57 iterations and 0.00 seconds
Optimal objective  1.880000000e+02

Gurobi 7.0.2 (mac64, Python) logging started Mon Jun  5 18:25:57 2017

Optimize a model with 150 rows, 336 columns and 1008 nonzeros
Coefficient statistics:
  Matrix range     [1e+00, 1e+00]
  Objective range  [1e+00, 1e+00]
  Bounds range     [0e+00, 0e+00]
  RHS range        [8e+00, 9e+00]
Presolve removed 14 rows and 0 columns
Presolve time: 0.00s
Presolved: 136 rows, 336 columns, 924 nonzeros

Iteration    Objective       Primal Inf.    Dual Inf.      Time
       0    0.0000000e+00   1.920000e+02   0.000000e+00      0s
      57    1.8800000e+02   0.000000e+00   0.000000e+00      0s

Solved in 57 iterations and 0.00 seconds
Optimal objective  1.880000000e+02

Gurobi 7.0.2 (mac64, Python) logging started Mon Jun  5 18:27:07 2017

Optimize a model with 150 rows, 336 columns and 1008 nonzeros
Coefficient statistics:
  Matrix range     [1e+00, 1e+00]
  Objective range  [1e+00, 1e+00]
  Bounds range     [0e+00, 0e+00]
  RHS range        [8e+00, 9e+00]
Presolve removed 14 rows and 0 columns
Presolve time: 0.00s
Presolved: 136 rows, 336 columns, 924 nonzeros

Iteration    Objective       Primal Inf.    Dual Inf.      Time
       0    0.0000000e+00   1.920000e+02   0.000000e+00      0s
      57    1.8800000e+02   0.000000e+00   0.000000e+00      0s

Solved in 57 iterations and 0.00 seconds
Optimal objective  1.880000000e+02

Gurobi 7.0.2 (mac64, Python) logging started Mon Jun  5 18:27:16 2017

Optimize a model with 150 rows, 336 columns and 1008 nonzeros
Coefficient statistics:
  Matrix range     [1e+00, 1e+00]
  Objective range  [1e+00, 1e+00]
  Bounds range     [0e+00, 0e+00]
  RHS range        [8e+00, 9e+00]
Presolve removed 14 rows and 0 columns
Presolve time: 0.00s
Presolved: 136 rows, 336 columns, 924 nonzeros

Iteration    Objective       Primal Inf.    Dual Inf.      Time
       0    0.0000000e+00   1.920000e+02   0.000000e+00      0s
      57    1.8800000e+02   0.000000e+00   0.000000e+00      0s

Solved in 57 iterations and 0.00 seconds
Optimal objective  1.880000000e+02

Gurobi 7.0.2 (mac64, Python) logging started Mon Jun  5 18:27:27 2017

Optimize a model with 150 rows, 336 columns and 1008 nonzeros
Coefficient statistics:
  Matrix range     [1e+00, 1e+00]
  Objective range  [1e+00, 1e+00]
  Bounds range     [0e+00, 0e+00]
  RHS range        [8e+00, 9e+00]
Presolve removed 14 rows and 0 columns
Presolve time: 0.00s
Presolved: 136 rows, 336 columns, 924 nonzeros

Iteration    Objective       Primal Inf.    Dual Inf.      Time
       0    0.0000000e+00   1.920000e+02   0.000000e+00      0s
      57    1.8800000e+02   0.000000e+00   0.000000e+00      0s

Solved in 57 iterations and 0.00 seconds
Optimal objective  1.880000000e+02

Gurobi 7.0.2 (mac64, Python) logging started Mon Jun  5 19:19:45 2017

Optimize a model with 150 rows, 336 columns and 1008 nonzeros
Coefficient statistics:
  Matrix range     [1e+00, 1e+00]
  Objective range  [1e+00, 1e+00]
  Bounds range     [0e+00, 0e+00]
  RHS range        [8e+00, 9e+00]
Presolve removed 14 rows and 0 columns
Presolve time: 0.00s
Presolved: 136 rows, 336 columns, 924 nonzeros

Iteration    Objective       Primal Inf.    Dual Inf.      Time
       0    0.0000000e+00   1.920000e+02   0.000000e+00      0s
      57    1.8800000e+02   0.000000e+00   0.000000e+00      0s

Solved in 57 iterations and 0.00 seconds
Optimal objective  1.880000000e+02

Gurobi 7.0.2 (mac64, Python) logging started Mon Jun  5 19:21:05 2017

Optimize a model with 150 rows, 336 columns and 1008 nonzeros
Coefficient statistics:
  Matrix range     [1e+00, 1e+00]
  Objective range  [1e+00, 1e+00]
  Bounds range     [0e+00, 0e+00]
  RHS range        [8e+00, 9e+00]
Presolve removed 14 rows and 0 columns
Presolve time: 0.00s
Presolved: 136 rows, 336 columns, 924 nonzeros

Iteration    Objective       Primal Inf.    Dual Inf.      Time
       0    0.0000000e+00   1.920000e+02   0.000000e+00      0s
      57    1.8800000e+02   0.000000e+00   0.000000e+00      0s

Solved in 57 iterations and 0.00 seconds
Optimal objective  1.880000000e+02

Gurobi 7.0.2 (mac64, Python) logging started Mon Jun  5 19:26:16 2017

Optimize a model with 150 rows, 336 columns and 1008 nonzeros
Coefficient statistics:
  Matrix range     [1e+00, 1e+00]
  Objective range  [1e+00, 1e+00]
  Bounds range     [0e+00, 0e+00]
  RHS range        [8e+00, 9e+00]
Presolve removed 14 rows and 0 columns
Presolve time: 0.00s
Presolved: 136 rows, 336 columns, 924 nonzeros

Iteration    Objective       Primal Inf.    Dual Inf.      Time
       0    0.0000000e+00   1.920000e+02   0.000000e+00      0s
      57    1.8800000e+02   0.000000e+00   0.000000e+00      0s

Solved in 57 iterations and 0.00 seconds
Optimal objective  1.880000000e+02

Gurobi 7.0.2 (mac64, Python) logging started Mon Jun  5 19:27:26 2017

Optimize a model with 150 rows, 336 columns and 1008 nonzeros
Coefficient statistics:
  Matrix range     [1e+00, 1e+00]
  Objective range  [1e+00, 1e+00]
  Bounds range     [0e+00, 0e+00]
  RHS range        [8e+00, 9e+00]
Presolve removed 14 rows and 0 columns
Presolve time: 0.00s
Presolved: 136 rows, 336 columns, 924 nonzeros

Iteration    Objective       Primal Inf.    Dual Inf.      Time
       0    0.0000000e+00   1.920000e+02   0.000000e+00      0s
      57    1.8800000e+02   0.000000e+00   0.000000e+00      0s

Solved in 57 iterations and 0.00 seconds
Optimal objective  1.880000000e+02

Gurobi 7.0.2 (mac64, Python) logging started Mon Jun  5 21:07:00 2017

Optimize a model with 150 rows, 336 columns and 1008 nonzeros
Coefficient statistics:
  Matrix range     [1e+00, 1e+00]
  Objective range  [1e+00, 1e+00]
  Bounds range     [0e+00, 0e+00]
  RHS range        [8e+00, 9e+00]
Presolve removed 14 rows and 0 columns
Presolve time: 0.00s
Presolved: 136 rows, 336 columns, 924 nonzeros

Iteration    Objective       Primal Inf.    Dual Inf.      Time
       0    0.0000000e+00   1.920000e+02   0.000000e+00      0s
      57    1.8800000e+02   0.000000e+00   0.000000e+00      0s

Solved in 57 iterations and 0.00 seconds
Optimal objective  1.880000000e+02
